<?xml version="1.0" encoding="UTF-8"?>
<!-- Generated by org.testng.reporters.JUnitReportReporter -->
<testsuite hostname="DESKTOP-7E4CTQE" failures="0" tests="1" name="com.qa.ac.test.OurBusiness" time="6.850" errors="0" timestamp="2021-10-20T03:35:12 IST" skipped="0">
  <testcase classname="com.qa.ac.test.OurBusiness" name="verifyTitle" time="6.850"/>
  <system-out/>
</testsuite> <!-- com.qa.ac.test.OurBusiness -->
