<?xml version="1.0" encoding="UTF-8"?>
<!-- Generated by org.testng.reporters.JUnitReportReporter -->
<testsuite hostname="DESKTOP-7E4CTQE" failures="0" tests="1" name="com.qa.ac.test.OurPresence" time="6.888" errors="0" timestamp="2021-10-20T03:47:37 IST" skipped="0">
  <testcase classname="com.qa.ac.test.OurPresence" name="verifyTitle" time="6.888"/>
  <system-out/>
</testsuite> <!-- com.qa.ac.test.OurPresence -->
