<?xml version="1.0" encoding="UTF-8"?>
<!-- Generated by org.testng.reporters.JUnitReportReporter -->
<testsuite hostname="DESKTOP-7E4CTQE" failures="0" tests="1" name="com.qa.ac.test.MakingItPersonal" time="5.941" errors="0" timestamp="2021-10-20T03:39:50 IST" skipped="0">
  <testcase classname="com.qa.ac.test.MakingItPersonal" name="verifyTitle" time="5.941"/>
  <system-out/>
</testsuite> <!-- com.qa.ac.test.MakingItPersonal -->
