<?xml version="1.0" encoding="UTF-8"?>
<!-- Generated by org.testng.reporters.JUnitReportReporter -->
<testsuite hostname="DESKTOP-7E4CTQE" failures="0" tests="1" name="com.qa.ac.test.VerifyHomepage" time="4.100" errors="0" timestamp="2021-10-20T04:01:45 IST" skipped="0">
  <testcase classname="com.qa.ac.test.VerifyHomepage" name="verifyTitle" time="4.100"/>
  <system-out>
    <![CDATA[Corporate Home Page | Attindas]]>
  </system-out>
</testsuite> <!-- com.qa.ac.test.VerifyHomepage -->
